C:\USERS\李峰\DOCUMENTS\VISUAL STUDIO 2012\PROJECTS\七大排序\七大排序\DEBUG\BUBBLE.OBJ
C:\USERS\李峰\DOCUMENTS\VISUAL STUDIO 2012\PROJECTS\七大排序\七大排序\DEBUG\INSERT.OBJ
C:\USERS\李峰\DOCUMENTS\VISUAL STUDIO 2012\PROJECTS\七大排序\七大排序\DEBUG\QUICK.OBJ
C:\USERS\李峰\DOCUMENTS\VISUAL STUDIO 2012\PROJECTS\七大排序\七大排序\DEBUG\SELECTIONSORT.OBJ
C:\USERS\李峰\DOCUMENTS\VISUAL STUDIO 2012\PROJECTS\七大排序\七大排序\DEBUG\SHELLSORT.OBJ
C:\USERS\李峰\DOCUMENTS\VISUAL STUDIO 2012\PROJECTS\七大排序\七大排序\DEBUG\VC110.PDB
C:\USERS\李峰\DOCUMENTS\VISUAL STUDIO 2012\PROJECTS\七大排序\七大排序\DEBUG\HEAPSORT.OBJ
C:\USERS\李峰\DOCUMENTS\VISUAL STUDIO 2012\PROJECTS\七大排序\DEBUG\七大排序.ILK
C:\USERS\李峰\DOCUMENTS\VISUAL STUDIO 2012\PROJECTS\七大排序\DEBUG\七大排序.EXE
C:\USERS\李峰\DOCUMENTS\VISUAL STUDIO 2012\PROJECTS\七大排序\DEBUG\七大排序.PDB
C:\Users\李峰\documents\visual studio 2012\Projects\七大排序\七大排序\Debug\bubble.obj
C:\Users\李峰\documents\visual studio 2012\Projects\七大排序\七大排序\Debug\heapsort.obj
C:\Users\李峰\documents\visual studio 2012\Projects\七大排序\七大排序\Debug\insert.obj
C:\Users\李峰\documents\visual studio 2012\Projects\七大排序\七大排序\Debug\quick.obj
C:\Users\李峰\documents\visual studio 2012\Projects\七大排序\七大排序\Debug\selectionsort.obj
C:\Users\李峰\documents\visual studio 2012\Projects\七大排序\七大排序\Debug\shellsort.obj
C:\Users\李峰\documents\visual studio 2012\Projects\七大排序\七大排序\Debug\cl.command.1.tlog
C:\Users\李峰\documents\visual studio 2012\Projects\七大排序\七大排序\Debug\CL.read.1.tlog
C:\Users\李峰\documents\visual studio 2012\Projects\七大排序\七大排序\Debug\CL.write.1.tlog
C:\Users\李峰\documents\visual studio 2012\Projects\七大排序\七大排序\Debug\link-cvtres.read.1.tlog
C:\Users\李峰\documents\visual studio 2012\Projects\七大排序\七大排序\Debug\link-cvtres.write.1.tlog
C:\Users\李峰\documents\visual studio 2012\Projects\七大排序\七大排序\Debug\link-rc.read.1.tlog
C:\Users\李峰\documents\visual studio 2012\Projects\七大排序\七大排序\Debug\link-rc.write.1.tlog
C:\Users\李峰\documents\visual studio 2012\Projects\七大排序\七大排序\Debug\link.13832-cvtres.read.1.tlog
C:\Users\李峰\documents\visual studio 2012\Projects\七大排序\七大排序\Debug\link.13832-cvtres.write.1.tlog
C:\Users\李峰\documents\visual studio 2012\Projects\七大排序\七大排序\Debug\link.13832-rc.read.1.tlog
C:\Users\李峰\documents\visual studio 2012\Projects\七大排序\七大排序\Debug\link.13832-rc.write.1.tlog
C:\Users\李峰\documents\visual studio 2012\Projects\七大排序\七大排序\Debug\link.13832.read.1.tlog
C:\Users\李峰\documents\visual studio 2012\Projects\七大排序\七大排序\Debug\link.13832.write.1.tlog
C:\Users\李峰\documents\visual studio 2012\Projects\七大排序\七大排序\Debug\link.command.1.tlog
C:\Users\李峰\documents\visual studio 2012\Projects\七大排序\七大排序\Debug\link.read.1.tlog
C:\Users\李峰\documents\visual studio 2012\Projects\七大排序\七大排序\Debug\link.write.1.tlog
C:\Users\李峰\documents\visual studio 2012\Projects\七大排序\七大排序\Debug\vc110.idb
C:\Users\李峰\documents\visual studio 2012\Projects\七大排序\七大排序\Debug\vc110.pdb
C:\Users\李峰\documents\visual studio 2012\Projects\七大排序\Debug\七大排序.pdb
